  [1m[35m (227.8ms)[0m  [1m[35mCREATE DATABASE "routes_and_controllers_development" ENCODING = 'unicode'[0m
  ↳ bin/rails:9
  [1m[35m (163.8ms)[0m  [1m[35mCREATE DATABASE "routes_and_controllers_test" ENCODING = 'unicode'[0m
  ↳ bin/rails:9
Started GET "/" for ::1 at 2022-03-09 13:34:15 -0500
Processing by Rails::WelcomeController#index as HTML
  Rendering /Users/appacademystudent/.rbenv/versions/2.5.1/lib/ruby/gems/2.5.0/gems/railties-5.2.6.3/lib/rails/templates/rails/welcome/index.html.erb
  Rendered /Users/appacademystudent/.rbenv/versions/2.5.1/lib/ruby/gems/2.5.0/gems/railties-5.2.6.3/lib/rails/templates/rails/welcome/index.html.erb (10.6ms)
Completed 200 OK in 52ms (Views: 32.2ms | ActiveRecord: 0.0ms)


Started GET "/users/" for ::1 at 2022-03-09 13:35:54 -0500

AbstractController::ActionNotFound - The action 'index' could not be found for UsersController:

Started GET "/users/" for ::1 at 2022-03-09 13:36:51 -0500
Processing by UsersController#index as */*
No template found for UsersController#index, rendering head :no_content
Completed 204 No Content in 422ms (ActiveRecord: 0.0ms)


Started GET "/users/" for ::1 at 2022-03-09 13:37:41 -0500
Processing by UsersController#index as */*
  Rendering text template
  Rendered text template (0.0ms)
Completed 200 OK in 27ms (Views: 21.5ms | ActiveRecord: 0.0ms)


Started GET "/users/?body=Spencerrrrrr&user_admin=true" for ::1 at 2022-03-09 13:39:40 -0500
Processing by UsersController#index as */*
  Parameters: {"body"=>"Spencerrrrrr", "user_admin"=>"true"}
  Rendering text template
  Rendered text template (0.0ms)
Completed 200 OK in 1ms (Views: 0.7ms | ActiveRecord: 0.0ms)


Started POST "/users/" for ::1 at 2022-03-09 13:40:45 -0500

AbstractController::ActionNotFound - The action 'create' could not be found for UsersController:

Started POST "/users/" for ::1 at 2022-03-09 13:41:19 -0500
Processing by UsersController#create as */*
  Parameters: {"users"=>"Spencerrr", "admin"=>"true"}
Completed 200 OK in 4ms (Views: 3.7ms | ActiveRecord: 0.0ms)


Started GET "/users/1/" for ::1 at 2022-03-09 13:42:03 -0500

AbstractController::ActionNotFound - The action 'show' could not be found for UsersController:

Started GET "/users/1/" for ::1 at 2022-03-09 13:42:29 -0500
Processing by UsersController#show as */*
  Parameters: {"id"=>"1"}
Completed 200 OK in 1ms (Views: 0.2ms | ActiveRecord: 0.0ms)


Started GET "/users/1/?body[user]=Spencer" for ::1 at 2022-03-09 13:43:58 -0500
Processing by UsersController#show as */*
  Parameters: {"body"=>{"user"=>"Spencer"}, "id"=>"1"}
Completed 200 OK in 1ms (Views: 0.5ms | ActiveRecord: 0.0ms)


Started GET "/users/1/" for ::1 at 2022-03-09 13:44:25 -0500
Processing by UsersController#show as */*
  Parameters: {"nested"=>{"Imnested"=>"Spencerrr"}, "id"=>"1"}
Completed 200 OK in 1ms (Views: 0.3ms | ActiveRecord: 0.0ms)


  [1m[35m (34.2ms)[0m  [1m[35mCREATE TABLE "schema_migrations" ("version" character varying NOT NULL PRIMARY KEY)[0m
  ↳ bin/rails:9
  [1m[35m (44.0ms)[0m  [1m[35mCREATE TABLE "ar_internal_metadata" ("key" character varying NOT NULL PRIMARY KEY, "value" character varying, "created_at" timestamp NOT NULL, "updated_at" timestamp NOT NULL)[0m
  ↳ bin/rails:9
  [1m[35m (1.2ms)[0m  [1m[34mSELECT pg_try_advisory_lock(3105287571145122930)[0m
  ↳ bin/rails:9
  [1m[35m (0.8ms)[0m  [1m[34mSELECT "schema_migrations"."version" FROM "schema_migrations" ORDER BY "schema_migrations"."version" ASC[0m
  ↳ bin/rails:9
Migrating to CreateUsers (20220309184524)
  [1m[35m (0.3ms)[0m  [1m[35mBEGIN[0m
  ↳ bin/rails:9
  [1m[35m (41.1ms)[0m  [1m[35mCREATE TABLE "users" ("id" bigserial primary key, "name" character varying NOT NULL, "email" character varying NOT NULL, "created_at" timestamp NOT NULL, "updated_at" timestamp NOT NULL)[0m
  ↳ db/migrate/20220309184524_create_users.rb:3
  [1m[36mActiveRecord::SchemaMigration Create (1.2ms)[0m  [1m[32mINSERT INTO "schema_migrations" ("version") VALUES ($1) RETURNING "version"[0m  [["version", "20220309184524"]]
  ↳ bin/rails:9
  [1m[35m (0.7ms)[0m  [1m[35mCOMMIT[0m
  ↳ bin/rails:9
  [1m[36mActiveRecord::InternalMetadata Load (1.0ms)[0m  [1m[34mSELECT  "ar_internal_metadata".* FROM "ar_internal_metadata" WHERE "ar_internal_metadata"."key" = $1 LIMIT $2[0m  [["key", "environment"], ["LIMIT", 1]]
  ↳ bin/rails:9
  [1m[35m (0.2ms)[0m  [1m[35mBEGIN[0m
  ↳ bin/rails:9
  [1m[36mActiveRecord::InternalMetadata Create (0.8ms)[0m  [1m[32mINSERT INTO "ar_internal_metadata" ("key", "value", "created_at", "updated_at") VALUES ($1, $2, $3, $4) RETURNING "key"[0m  [["key", "environment"], ["value", "development"], ["created_at", "2022-03-09 18:46:37.154337"], ["updated_at", "2022-03-09 18:46:37.154337"]]
  ↳ bin/rails:9
  [1m[35m (39.8ms)[0m  [1m[35mCOMMIT[0m
  ↳ bin/rails:9
  [1m[35m (0.5ms)[0m  [1m[34mSELECT pg_advisory_unlock(3105287571145122930)[0m
  ↳ bin/rails:9
  [1m[35m (0.4ms)[0m  [1m[34mSELECT "schema_migrations"."version" FROM "schema_migrations" ORDER BY "schema_migrations"."version" ASC[0m
  ↳ bin/rails:9
  [1m[35m (1.1ms)[0m  [1m[34mSELECT "schema_migrations"."version" FROM "schema_migrations" ORDER BY "schema_migrations"."version" ASC[0m
  ↳ /Users/appacademystudent/.rbenv/versions/2.5.1/bin/annotate:23
  [1m[35m (0.2ms)[0m  [1m[35mBEGIN[0m
  [1m[36mUser Create (8.3ms)[0m  [1m[32mINSERT INTO "users" ("name", "email", "created_at", "updated_at") VALUES ($1, $2, $3, $4) RETURNING "id"[0m  [["name", "Spencer"], ["email", "Spencer@gmail.com"], ["created_at", "2022-03-09 18:49:50.409682"], ["updated_at", "2022-03-09 18:49:50.409682"]]
  [1m[35m (0.6ms)[0m  [1m[35mCOMMIT[0m
  [1m[35m (2.5ms)[0m  [1m[35mBEGIN[0m
  [1m[35m (5.7ms)[0m  [1m[31mROLLBACK[0m
  [1m[35m (0.3ms)[0m  [1m[35mBEGIN[0m
  [1m[36mUser Create (0.6ms)[0m  [1m[32mINSERT INTO "users" ("name", "email", "created_at", "updated_at") VALUES ($1, $2, $3, $4) RETURNING "id"[0m  [["name", "Kevin"], ["email", "Kevin@gmail.com"], ["created_at", "2022-03-09 18:50:30.653301"], ["updated_at", "2022-03-09 18:50:30.653301"]]
  [1m[35m (3.4ms)[0m  [1m[35mCOMMIT[0m
  [1m[35m (0.2ms)[0m  [1m[35mBEGIN[0m
  [1m[36mUser Create (0.9ms)[0m  [1m[32mINSERT INTO "users" ("name", "email", "created_at", "updated_at") VALUES ($1, $2, $3, $4) RETURNING "id"[0m  [["name", "John"], ["email", "John@gmail.com"], ["created_at", "2022-03-09 18:50:49.203515"], ["updated_at", "2022-03-09 18:50:49.203515"]]
  [1m[35m (3.7ms)[0m  [1m[35mCOMMIT[0m
  [1m[35m (0.6ms)[0m  [1m[35mBEGIN[0m
  [1m[36mUser Create (1.2ms)[0m  [1m[32mINSERT INTO "users" ("name", "email", "created_at", "updated_at") VALUES ($1, $2, $3, $4) RETURNING "id"[0m  [["name", "Emily"], ["email", "Emily@yahoo.com"], ["created_at", "2022-03-09 18:51:02.508461"], ["updated_at", "2022-03-09 18:51:02.508461"]]
  [1m[35m (4.4ms)[0m  [1m[35mCOMMIT[0m
  [1m[36mUser Load (0.4ms)[0m  [1m[34mSELECT  "users".* FROM "users" LIMIT $1[0m  [["LIMIT", 11]]
